[debug] [2023-07-29T15:54:04.489Z] ----------------------------------------------------------------------
[debug] [2023-07-29T15:54:04.489Z] Command:       /Users/maximeoger/.nvm/versions/node/v18.12.1/bin/node /opt/homebrew/bin/firebase emulators:start
[debug] [2023-07-29T15:54:04.490Z] CLI Version:   12.4.6
[debug] [2023-07-29T15:54:04.490Z] Platform:      darwin
[debug] [2023-07-29T15:54:04.490Z] Node Version:  v18.12.1
[debug] [2023-07-29T15:54:04.491Z] Time:          Sat Jul 29 2023 17:54:04 GMT+0200 (heure d’été d’Europe centrale)
[debug] [2023-07-29T15:54:04.491Z] ----------------------------------------------------------------------
[debug] 
[debug] [2023-07-29T15:54:04.543Z] > command requires scopes: ["email","openid","https://www.googleapis.com/auth/cloudplatformprojects.readonly","https://www.googleapis.com/auth/firebase","https://www.googleapis.com/auth/cloud-platform"]
[debug] [2023-07-29T15:54:04.543Z] > authorizing via signed-in user (newsletterman32@gmail.com)
[debug] [2023-07-29T15:54:04.649Z] openjdk version "19.0.1" 2022-10-18

[debug] [2023-07-29T15:54:04.650Z] OpenJDK Runtime Environment Temurin-19.0.1+10 (build 19.0.1+10)
OpenJDK 64-Bit Server VM Temurin-19.0.1+10 (build 19.0.1+10, mixed mode)

[debug] [2023-07-29T15:54:04.652Z] Parsed Java major version: 19
[info] i  emulators: Starting emulators: functions, firestore {"metadata":{"emulator":{"name":"hub"},"message":"Starting emulators: functions, firestore"}}
[debug] [2023-07-29T15:54:05.035Z] [logging] Logging Emulator only supports listening on one address (127.0.0.1). Not listening on ::1
[debug] [2023-07-29T15:54:05.035Z] [firestore] Firestore Emulator only supports listening on one address (127.0.0.1). Not listening on ::1
[debug] [2023-07-29T15:54:05.036Z] [firestore.websocket] websocket server for firestore only supports listening on one address (127.0.0.1). Not listening on ::1
[debug] [2023-07-29T15:54:05.036Z] assigned listening specs for emulators {"user":{"hub":[{"address":"127.0.0.1","family":"IPv4","port":4400},{"address":"::1","family":"IPv6","port":4400}],"ui":[{"address":"127.0.0.1","family":"IPv4","port":4000},{"address":"::1","family":"IPv6","port":4000}],"logging":[{"address":"127.0.0.1","family":"IPv4","port":4500}],"firestore":[{"address":"127.0.0.1","family":"IPv4","port":8080}],"firestore.websocket":[{"address":"127.0.0.1","family":"IPv4","port":9150}]},"metadata":{"message":"assigned listening specs for emulators"}}
[debug] [2023-07-29T15:54:05.044Z] [hub] writing locator at /var/folders/7h/rqy2gq2n5ws8tqd3wpcnqrbm0000gn/T/hub-email-base-cb5de.json
[debug] [2023-07-29T15:54:05.193Z] [functions] Functions Emulator only supports listening on one address (127.0.0.1). Not listening on ::1
[debug] [2023-07-29T15:54:05.194Z] [eventarc] Eventarc Emulator only supports listening on one address (127.0.0.1). Not listening on ::1
[debug] [2023-07-29T15:54:05.194Z] late-assigned ports for functions and eventarc emulators {"user":{"hub":[{"address":"127.0.0.1","family":"IPv4","port":4400},{"address":"::1","family":"IPv6","port":4400}],"ui":[{"address":"127.0.0.1","family":"IPv4","port":4000},{"address":"::1","family":"IPv6","port":4000}],"logging":[{"address":"127.0.0.1","family":"IPv4","port":4500}],"firestore":[{"address":"127.0.0.1","family":"IPv4","port":8080}],"firestore.websocket":[{"address":"127.0.0.1","family":"IPv4","port":9150}],"functions":[{"address":"127.0.0.1","family":"IPv4","port":5001}],"eventarc":[{"address":"127.0.0.1","family":"IPv4","port":9299}]},"metadata":{"message":"late-assigned ports for functions and eventarc emulators"}}
[warn] ⚠  functions: The following emulators are not running, calls to these services from the Functions emulator will affect production: auth, database, hosting, pubsub, storage {"metadata":{"emulator":{"name":"functions"},"message":"The following emulators are not running, calls to these services from the Functions emulator will affect production: \u001b[1mauth, database, hosting, pubsub, storage\u001b[22m"}}
[debug] [2023-07-29T15:54:05.196Z] defaultcredentials: writing to file /Users/maximeoger/.config/firebase/newsletterman32_gmail_com_application_default_credentials.json
[debug] [2023-07-29T15:54:05.197Z] Setting GAC to /Users/maximeoger/.config/firebase/newsletterman32_gmail_com_application_default_credentials.json {"metadata":{"emulator":{"name":"functions"},"message":"Setting GAC to /Users/maximeoger/.config/firebase/newsletterman32_gmail_com_application_default_credentials.json"}}
[debug] [2023-07-29T15:54:05.198Z] >>> [apiv2][query] GET https://firebase.googleapis.com/v1beta1/projects/email-base-cb5de/adminSdkConfig [none]
[debug] [2023-07-29T15:54:05.430Z] <<< [apiv2][status] GET https://firebase.googleapis.com/v1beta1/projects/email-base-cb5de/adminSdkConfig 200
[debug] [2023-07-29T15:54:05.430Z] <<< [apiv2][body] GET https://firebase.googleapis.com/v1beta1/projects/email-base-cb5de/adminSdkConfig {"projectId":"email-base-cb5de","storageBucket":"email-base-cb5de.appspot.com"}
[warn] ⚠  firestore: Cloud Firestore Emulator does not support multiple databases yet. {"metadata":{"emulator":{"name":"firestore"},"message":"Cloud Firestore Emulator does not support multiple databases yet."}}
[warn] ⚠  firestore: Did not find a Cloud Firestore rules file specified in a firebase.json config file. {"metadata":{"emulator":{"name":"firestore"},"message":"Did not find a Cloud Firestore rules file specified in a firebase.json config file."}}
[warn] ⚠  firestore: The emulator will default to allowing all reads and writes. Learn more about this option: https://firebase.google.com/docs/emulator-suite/install_and_configure#security_rules_configuration. {"metadata":{"emulator":{"name":"firestore"},"message":"The emulator will default to allowing all reads and writes. Learn more about this option: https://firebase.google.com/docs/emulator-suite/install_and_configure#security_rules_configuration."}}
[debug] [2023-07-29T15:54:05.450Z] Ignoring unsupported arg: auto_download {"metadata":{"emulator":{"name":"firestore"},"message":"Ignoring unsupported arg: auto_download"}}
[debug] [2023-07-29T15:54:05.450Z] Ignoring unsupported arg: single_project_mode_error {"metadata":{"emulator":{"name":"firestore"},"message":"Ignoring unsupported arg: single_project_mode_error"}}
[debug] [2023-07-29T15:54:05.450Z] Starting Firestore Emulator with command {"binary":"java","args":["-Dgoogle.cloud_firestore.debug_log_level=FINE","-Duser.language=en","-jar","/Users/maximeoger/.cache/firebase/emulators/cloud-firestore-emulator-v1.18.1.jar","--host","127.0.0.1","--port",8080,"--websocket_port",9150,"--project_id","email-base-cb5de","--single_project_mode",true,"--functions_emulator","127.0.0.1:5001"],"optionalArgs":["port","webchannel_port","host","rules","websocket_port","functions_emulator","seed_from_export","project_id","single_project_mode"],"joinArgs":false} {"metadata":{"emulator":{"name":"firestore"},"message":"Starting Firestore Emulator with command {\"binary\":\"java\",\"args\":[\"-Dgoogle.cloud_firestore.debug_log_level=FINE\",\"-Duser.language=en\",\"-jar\",\"/Users/maximeoger/.cache/firebase/emulators/cloud-firestore-emulator-v1.18.1.jar\",\"--host\",\"127.0.0.1\",\"--port\",8080,\"--websocket_port\",9150,\"--project_id\",\"email-base-cb5de\",\"--single_project_mode\",true,\"--functions_emulator\",\"127.0.0.1:5001\"],\"optionalArgs\":[\"port\",\"webchannel_port\",\"host\",\"rules\",\"websocket_port\",\"functions_emulator\",\"seed_from_export\",\"project_id\",\"single_project_mode\"],\"joinArgs\":false}"}}
[info] i  firestore: Firestore Emulator logging to firestore-debug.log {"metadata":{"emulator":{"name":"firestore"},"message":"Firestore Emulator logging to \u001b[1mfirestore-debug.log\u001b[22m"}}
[debug] [2023-07-29T15:54:06.181Z] Jul 29, 2023 5:54:06 PM com.google.cloud.datastore.emulator.firestore.websocket.WebSocketServer start
INFO: Started WebSocket server on ws://127.0.0.1:9150
 {"metadata":{"emulator":{"name":"firestore"},"message":"Jul 29, 2023 5:54:06 PM com.google.cloud.datastore.emulator.firestore.websocket.WebSocketServer start\nINFO: Started WebSocket server on ws://127.0.0.1:9150\n"}}
[debug] [2023-07-29T15:54:06.193Z] API endpoint: http:// {"metadata":{"emulator":{"name":"firestore"},"message":"API endpoint: http://"}}
[debug] [2023-07-29T15:54:06.193Z] 127.0.0.1:8080
If you are using a library that supports the FIRESTORE_EMULATOR_HOST environment variable, run:

   export FIRESTORE_EMULATOR_HOST=127.0.0.1:8080

Dev App Server is now running.

 {"metadata":{"emulator":{"name":"firestore"},"message":"127.0.0.1:8080\nIf you are using a library that supports the FIRESTORE_EMULATOR_HOST environment variable, run:\n\n   export FIRESTORE_EMULATOR_HOST=127.0.0.1:8080\n\nDev App Server is now running.\n\n"}}
[info] ✔  firestore: Firestore Emulator UI websocket is running on 9150. {"metadata":{"emulator":{"name":"firestore"},"message":"Firestore Emulator UI websocket is running on 9150."}}
[debug] [2023-07-29T15:54:06.219Z] Ignoring unsupported arg: auto_download {"metadata":{"emulator":{"name":"ui"},"message":"Ignoring unsupported arg: auto_download"}}
[debug] [2023-07-29T15:54:06.219Z] Ignoring unsupported arg: port {"metadata":{"emulator":{"name":"ui"},"message":"Ignoring unsupported arg: port"}}
[debug] [2023-07-29T15:54:06.219Z] Starting Emulator UI with command {"binary":"node","args":["/Users/maximeoger/.cache/firebase/emulators/ui-v1.11.7/server/server.js"],"optionalArgs":[],"joinArgs":false} {"metadata":{"emulator":{"name":"ui"},"message":"Starting Emulator UI with command {\"binary\":\"node\",\"args\":[\"/Users/maximeoger/.cache/firebase/emulators/ui-v1.11.7/server/server.js\"],\"optionalArgs\":[],\"joinArgs\":false}"}}
[info] i  ui: Emulator UI logging to ui-debug.log {"metadata":{"emulator":{"name":"ui"},"message":"Emulator UI logging to \u001b[1mui-debug.log\u001b[22m"}}
[debug] [2023-07-29T15:54:06.286Z] Web / API server started at 127.0.0.1:4000
 {"metadata":{"emulator":{"name":"ui"},"message":"Web / API server started at 127.0.0.1:4000\n"}}
[debug] [2023-07-29T15:54:06.286Z] Web / API server started at ::1:4000
 {"metadata":{"emulator":{"name":"ui"},"message":"Web / API server started at ::1:4000\n"}}
[info] i  functions: Watching "/Users/maximeoger/dev/email-base/functions" for Cloud Functions... {"metadata":{"emulator":{"name":"functions"},"message":"Watching \"/Users/maximeoger/dev/email-base/functions\" for Cloud Functions..."}}
[debug] [2023-07-29T15:54:06.485Z] Validating nodejs source
[debug] [2023-07-29T15:54:07.567Z] > [functions] package.json contents: {
  "name": "functions",
  "scripts": {
    "lint": "eslint --ext .js,.ts .",
    "build": "tsc",
    "build:watch": "tsc --watch",
    "serve": "npm run build && firebase emulators:start --only functions",
    "shell": "npm run build && firebase functions:shell",
    "start": "npm run shell",
    "deploy": "firebase deploy --only functions",
    "logs": "firebase functions:log"
  },
  "engines": {
    "node": "18"
  },
  "main": "lib/index.js",
  "dependencies": {
    "firebase-admin": "^11.8.0",
    "firebase-functions": "^4.3.1"
  },
  "devDependencies": {
    "@typescript-eslint/eslint-plugin": "^5.12.0",
    "@typescript-eslint/parser": "^5.12.0",
    "eslint": "^8.9.0",
    "eslint-config-google": "^0.14.0",
    "eslint-plugin-import": "^2.25.4",
    "firebase-functions-test": "^3.1.0",
    "typescript": "^4.9.0"
  },
  "private": true
}
[debug] [2023-07-29T15:54:07.568Z] Building nodejs source
[debug] [2023-07-29T15:54:07.568Z] Failed to find version of module node: reached end of search path /Users/maximeoger/dev/email-base/functions/node_modules
[info] ✔  functions: Using node@18 from host. 
[debug] [2023-07-29T15:54:07.571Z] Could not find functions.yaml. Must use http discovery
[debug] [2023-07-29T15:54:07.576Z] Found firebase-functions binary at '/Users/maximeoger/dev/email-base/functions/node_modules/.bin/firebase-functions'
[info] Serving at port 8090

[debug] [2023-07-29T15:54:07.927Z] Got response from /__/functions.yaml {"endpoints":{"helloWorld":{"availableMemoryMb":null,"timeoutSeconds":null,"minInstances":null,"maxInstances":null,"ingressSettings":null,"concurrency":null,"serviceAccountEmail":null,"vpc":null,"platform":"gcfv2","labels":{},"httpsTrigger":{},"entryPoint":"helloWorld"},"createMail":{"platform":"gcfv1","availableMemoryMb":null,"timeoutSeconds":null,"minInstances":null,"maxInstances":null,"ingressSettings":null,"serviceAccountEmail":null,"vpc":null,"eventTrigger":{"eventType":"providers/cloud.firestore/eventTypes/document.create","eventFilters":{"resource":"projects/email-base-cb5de/databases/(default)/documents/Mails/{mailId}"},"retry":false},"labels":{},"entryPoint":"createMail"}},"specVersion":"v1alpha1","requiredAPIs":[]}
[info] shutdown requested via /__/quitquitquit

[info] ✔  functions: Loaded functions definitions from source: helloWorld, createMail. {"metadata":{"emulator":{"name":"functions"},"message":"Loaded functions definitions from source: helloWorld, createMail."}}
[info] ✔  functions[us-central1-helloWorld]: http function initialized (http://127.0.0.1:5001/email-base-cb5de/us-central1/helloWorld). {"metadata":{"emulator":{"name":"functions"},"message":"\u001b[1mhttp\u001b[22m function initialized (http://127.0.0.1:5001/email-base-cb5de/us-central1/helloWorld)."}}
[debug] [2023-07-29T15:54:07.940Z] addFirestoreTrigger "{\"eventTrigger\":{\"eventType\":\"providers/cloud.firestore/eventTypes/document.create\",\"resource\":\"projects/email-base-cb5de/databases/(default)/documents/Mails/{mailId}\",\"service\":\"firestore.googleapis.com\"}}"
[debug] [2023-07-29T15:54:07.940Z] >>> [apiv2][query] PUT http://127.0.0.1:8080/emulator/v1/projects/email-base-cb5de/triggers/us-central1-createMail-0 [none]
[debug] [2023-07-29T15:54:07.940Z] >>> [apiv2][body] PUT http://127.0.0.1:8080/emulator/v1/projects/email-base-cb5de/triggers/us-central1-createMail-0 "{\"eventTrigger\":{\"eventType\":\"providers/cloud.firestore/eventTypes/document.create\",\"resource\":\"projects/email-base-cb5de/databases/(default)/documents/Mails/{mailId}\",\"service\":\"firestore.googleapis.com\"}}"
[debug] [2023-07-29T15:54:07.944Z] Jul 29, 2023 5:54:07 PM io.gapi.emulators.netty.HttpVersionRoutingHandler channelRead
INFO: Detected non-HTTP/2 connection.
 {"metadata":{"emulator":{"name":"firestore"},"message":"Jul 29, 2023 5:54:07 PM io.gapi.emulators.netty.HttpVersionRoutingHandler channelRead\nINFO: Detected non-HTTP/2 connection.\n"}}
[debug] [2023-07-29T15:54:08.026Z] Jul 29, 2023 5:54:08 PM io.gapi.emulators.netty.HttpVersionRoutingHandler channelRead
INFO: Detected HTTP/2 connection.
 {"metadata":{"emulator":{"name":"firestore"},"message":"Jul 29, 2023 5:54:08 PM io.gapi.emulators.netty.HttpVersionRoutingHandler channelRead\nINFO: Detected HTTP/2 connection.\n"}}
[debug] [2023-07-29T15:54:08.252Z] <<< [apiv2][status] PUT http://127.0.0.1:8080/emulator/v1/projects/email-base-cb5de/triggers/us-central1-createMail-0 200
[debug] [2023-07-29T15:54:08.252Z] <<< [apiv2][body] PUT http://127.0.0.1:8080/emulator/v1/projects/email-base-cb5de/triggers/us-central1-createMail-0 {}
[info] ✔  functions[us-central1-createMail]: firestore function initialized. {"metadata":{"emulator":{"name":"functions"},"message":"\u001b[1mfirestore\u001b[22m function initialized."}}
[info] 
┌─────────────────────────────────────────────────────────────┐
│ ✔  All emulators ready! It is now safe to connect your app. │
│ i  View Emulator UI at http://127.0.0.1:4000/               │
└─────────────────────────────────────────────────────────────┘

┌───────────┬────────────────┬─────────────────────────────────┐
│ Emulator  │ Host:Port      │ View in Emulator UI             │
├───────────┼────────────────┼─────────────────────────────────┤
│ Functions │ 127.0.0.1:5001 │ http://127.0.0.1:4000/functions │
├───────────┼────────────────┼─────────────────────────────────┤
│ Firestore │ 127.0.0.1:8080 │ http://127.0.0.1:4000/firestore │
└───────────┴────────────────┴─────────────────────────────────┘
  Emulator Hub running at 127.0.0.1:4400
  Other reserved ports: 4500, 9150

Issues? Report them at https://github.com/firebase/firebase-tools/issues and attach the *-debug.log files.
 
[debug] [2023-07-29T15:54:17.289Z] Jul 29, 2023 5:54:17 PM com.google.cloud.datastore.emulator.firestore.websocket.WebSocketChannelHandler initChannel
INFO: Connected to new websocket client
 {"metadata":{"emulator":{"name":"firestore"},"message":"Jul 29, 2023 5:54:17 PM com.google.cloud.datastore.emulator.firestore.websocket.WebSocketChannelHandler initChannel\nINFO: Connected to new websocket client\n"}}
[debug] [2023-07-29T15:57:29.692Z] Jul 29, 2023 5:57:29 PM com.google.cloud.datastore.emulator.firestore.websocket.WebSocketChannelHandler initChannel
INFO: Connected to new websocket client
 {"metadata":{"emulator":{"name":"firestore"},"message":"Jul 29, 2023 5:57:29 PM com.google.cloud.datastore.emulator.firestore.websocket.WebSocketChannelHandler initChannel\nINFO: Connected to new websocket client\n"}}
[debug] [2023-07-29T16:00:18.940Z] File /Users/maximeoger/dev/email-base/functions/src/helpers/getIncrement.ts changed, reloading triggers {"metadata":{"emulator":{"name":"functions"},"message":"File /Users/maximeoger/dev/email-base/functions/src/helpers/getIncrement.ts changed, reloading triggers"}}
[debug] [2023-07-29T16:00:19.945Z] Validating nodejs source
[debug] [2023-07-29T16:00:20.312Z] > [functions] package.json contents: {
  "name": "functions",
  "scripts": {
    "lint": "eslint --ext .js,.ts .",
    "build": "tsc",
    "build:watch": "tsc --watch",
    "serve": "npm run build && firebase emulators:start --only functions",
    "shell": "npm run build && firebase functions:shell",
    "start": "npm run shell",
    "deploy": "firebase deploy --only functions",
    "logs": "firebase functions:log"
  },
  "engines": {
    "node": "18"
  },
  "main": "lib/index.js",
  "dependencies": {
    "firebase-admin": "^11.8.0",
    "firebase-functions": "^4.3.1"
  },
  "devDependencies": {
    "@typescript-eslint/eslint-plugin": "^5.12.0",
    "@typescript-eslint/parser": "^5.12.0",
    "eslint": "^8.9.0",
    "eslint-config-google": "^0.14.0",
    "eslint-plugin-import": "^2.25.4",
    "firebase-functions-test": "^3.1.0",
    "typescript": "^4.9.0"
  },
  "private": true
}
[debug] [2023-07-29T16:00:20.312Z] Building nodejs source
[debug] [2023-07-29T16:00:20.312Z] Failed to find version of module node: reached end of search path /Users/maximeoger/dev/email-base/functions/node_modules
[info] ✔  functions: Using node@18 from host. 
[debug] [2023-07-29T16:00:20.313Z] Could not find functions.yaml. Must use http discovery
[debug] [2023-07-29T16:00:20.314Z] Found firebase-functions binary at '/Users/maximeoger/dev/email-base/functions/node_modules/.bin/firebase-functions'
[info] Serving at port 8980

[debug] [2023-07-29T16:00:20.555Z] Got response from /__/functions.yaml {"endpoints":{"helloWorld":{"availableMemoryMb":null,"timeoutSeconds":null,"minInstances":null,"maxInstances":null,"ingressSettings":null,"concurrency":null,"serviceAccountEmail":null,"vpc":null,"platform":"gcfv2","labels":{},"httpsTrigger":{},"entryPoint":"helloWorld"},"createMail":{"platform":"gcfv1","availableMemoryMb":null,"timeoutSeconds":null,"minInstances":null,"maxInstances":null,"ingressSettings":null,"serviceAccountEmail":null,"vpc":null,"eventTrigger":{"eventType":"providers/cloud.firestore/eventTypes/document.create","eventFilters":{"resource":"projects/email-base-cb5de/databases/(default)/documents/Mails/{mailId}"},"retry":false},"labels":{},"entryPoint":"createMail"}},"specVersion":"v1alpha1","requiredAPIs":[]}
[info] shutdown requested via /__/quitquitquit

[info] ✔  functions: Loaded functions definitions from source: helloWorld, createMail. {"metadata":{"emulator":{"name":"functions"},"message":"Loaded functions definitions from source: helloWorld, createMail."}}
[debug] [2023-07-29T16:00:23.244Z] File /Users/maximeoger/dev/email-base/functions/src/helpers/getIncrement.ts changed, reloading triggers {"metadata":{"emulator":{"name":"functions"},"message":"File /Users/maximeoger/dev/email-base/functions/src/helpers/getIncrement.ts changed, reloading triggers"}}
[debug] [2023-07-29T16:00:24.248Z] Validating nodejs source
[debug] [2023-07-29T16:00:25.313Z] > [functions] package.json contents: {
  "name": "functions",
  "scripts": {
    "lint": "eslint --ext .js,.ts .",
    "build": "tsc",
    "build:watch": "tsc --watch",
    "serve": "npm run build && firebase emulators:start --only functions",
    "shell": "npm run build && firebase functions:shell",
    "start": "npm run shell",
    "deploy": "firebase deploy --only functions",
    "logs": "firebase functions:log"
  },
  "engines": {
    "node": "18"
  },
  "main": "lib/index.js",
  "dependencies": {
    "firebase-admin": "^11.8.0",
    "firebase-functions": "^4.3.1"
  },
  "devDependencies": {
    "@typescript-eslint/eslint-plugin": "^5.12.0",
    "@typescript-eslint/parser": "^5.12.0",
    "eslint": "^8.9.0",
    "eslint-config-google": "^0.14.0",
    "eslint-plugin-import": "^2.25.4",
    "firebase-functions-test": "^3.1.0",
    "typescript": "^4.9.0"
  },
  "private": true
}
[debug] [2023-07-29T16:00:25.314Z] Building nodejs source
[debug] [2023-07-29T16:00:25.314Z] Failed to find version of module node: reached end of search path /Users/maximeoger/dev/email-base/functions/node_modules
[info] ✔  functions: Using node@18 from host. 
[debug] [2023-07-29T16:00:25.315Z] Could not find functions.yaml. Must use http discovery
[debug] [2023-07-29T16:00:25.317Z] Found firebase-functions binary at '/Users/maximeoger/dev/email-base/functions/node_modules/.bin/firebase-functions'
[info] Serving at port 8411

[debug] [2023-07-29T16:00:25.491Z] Got response from /__/functions.yaml {"endpoints":{"helloWorld":{"availableMemoryMb":null,"timeoutSeconds":null,"minInstances":null,"maxInstances":null,"ingressSettings":null,"concurrency":null,"serviceAccountEmail":null,"vpc":null,"platform":"gcfv2","labels":{},"httpsTrigger":{},"entryPoint":"helloWorld"},"createMail":{"platform":"gcfv1","availableMemoryMb":null,"timeoutSeconds":null,"minInstances":null,"maxInstances":null,"ingressSettings":null,"serviceAccountEmail":null,"vpc":null,"eventTrigger":{"eventType":"providers/cloud.firestore/eventTypes/document.create","eventFilters":{"resource":"projects/email-base-cb5de/databases/(default)/documents/Mails/{mailId}"},"retry":false},"labels":{},"entryPoint":"createMail"}},"specVersion":"v1alpha1","requiredAPIs":[]}
[info] shutdown requested via /__/quitquitquit

[info] ✔  functions: Loaded functions definitions from source: helloWorld, createMail. {"metadata":{"emulator":{"name":"functions"},"message":"Loaded functions definitions from source: helloWorld, createMail."}}
[debug] [2023-07-29T16:00:43.397Z] File /Users/maximeoger/dev/email-base/functions/lib/helpers/getDatabase.js.map changed, reloading triggers {"metadata":{"emulator":{"name":"functions"},"message":"File /Users/maximeoger/dev/email-base/functions/lib/helpers/getDatabase.js.map changed, reloading triggers"}}
[debug] [2023-07-29T16:00:43.397Z] File /Users/maximeoger/dev/email-base/functions/lib/helpers/getDatabase.js changed, reloading triggers {"metadata":{"emulator":{"name":"functions"},"message":"File /Users/maximeoger/dev/email-base/functions/lib/helpers/getDatabase.js changed, reloading triggers"}}
[debug] [2023-07-29T16:00:43.397Z] File /Users/maximeoger/dev/email-base/functions/lib/helpers/getIncrement.js.map changed, reloading triggers {"metadata":{"emulator":{"name":"functions"},"message":"File /Users/maximeoger/dev/email-base/functions/lib/helpers/getIncrement.js.map changed, reloading triggers"}}
[debug] [2023-07-29T16:00:43.397Z] File /Users/maximeoger/dev/email-base/functions/lib/helpers/getIncrement.js changed, reloading triggers {"metadata":{"emulator":{"name":"functions"},"message":"File /Users/maximeoger/dev/email-base/functions/lib/helpers/getIncrement.js changed, reloading triggers"}}
[debug] [2023-07-29T16:00:43.397Z] File /Users/maximeoger/dev/email-base/functions/lib/index.js.map changed, reloading triggers {"metadata":{"emulator":{"name":"functions"},"message":"File /Users/maximeoger/dev/email-base/functions/lib/index.js.map changed, reloading triggers"}}
[debug] [2023-07-29T16:00:43.397Z] File /Users/maximeoger/dev/email-base/functions/lib/index.js changed, reloading triggers {"metadata":{"emulator":{"name":"functions"},"message":"File /Users/maximeoger/dev/email-base/functions/lib/index.js changed, reloading triggers"}}
[debug] [2023-07-29T16:00:44.400Z] Validating nodejs source
[debug] [2023-07-29T16:00:44.701Z] > [functions] package.json contents: {
  "name": "functions",
  "scripts": {
    "lint": "eslint --ext .js,.ts .",
    "build": "tsc",
    "build:watch": "tsc --watch",
    "serve": "npm run build && firebase emulators:start --only functions",
    "shell": "npm run build && firebase functions:shell",
    "start": "npm run shell",
    "deploy": "firebase deploy --only functions",
    "logs": "firebase functions:log"
  },
  "engines": {
    "node": "18"
  },
  "main": "lib/index.js",
  "dependencies": {
    "firebase-admin": "^11.8.0",
    "firebase-functions": "^4.3.1"
  },
  "devDependencies": {
    "@typescript-eslint/eslint-plugin": "^5.12.0",
    "@typescript-eslint/parser": "^5.12.0",
    "eslint": "^8.9.0",
    "eslint-config-google": "^0.14.0",
    "eslint-plugin-import": "^2.25.4",
    "firebase-functions-test": "^3.1.0",
    "typescript": "^4.9.0"
  },
  "private": true
}
[debug] [2023-07-29T16:00:44.701Z] Building nodejs source
[debug] [2023-07-29T16:00:44.701Z] Failed to find version of module node: reached end of search path /Users/maximeoger/dev/email-base/functions/node_modules
[info] ✔  functions: Using node@18 from host. 
[debug] [2023-07-29T16:00:44.702Z] Could not find functions.yaml. Must use http discovery
[debug] [2023-07-29T16:00:44.702Z] Found firebase-functions binary at '/Users/maximeoger/dev/email-base/functions/node_modules/.bin/firebase-functions'
[info] Serving at port 8537

[debug] [2023-07-29T16:00:44.931Z] Got response from /__/functions.yaml {"endpoints":{"helloWorld":{"availableMemoryMb":null,"timeoutSeconds":null,"minInstances":null,"maxInstances":null,"ingressSettings":null,"concurrency":null,"serviceAccountEmail":null,"vpc":null,"platform":"gcfv2","labels":{},"httpsTrigger":{},"entryPoint":"helloWorld"},"createMail":{"platform":"gcfv1","availableMemoryMb":null,"timeoutSeconds":null,"minInstances":null,"maxInstances":null,"ingressSettings":null,"serviceAccountEmail":null,"vpc":null,"eventTrigger":{"eventType":"providers/cloud.firestore/eventTypes/document.create","eventFilters":{"resource":"projects/email-base-cb5de/databases/(default)/documents/Mails/{mailId}"},"retry":false},"labels":{},"entryPoint":"createMail"}},"specVersion":"v1alpha1","requiredAPIs":[]}
[info] shutdown requested via /__/quitquitquit

[info] ✔  functions: Loaded functions definitions from source: helloWorld, createMail. {"metadata":{"emulator":{"name":"functions"},"message":"Loaded functions definitions from source: helloWorld, createMail."}}
[debug] [2023-07-29T16:10:47.706Z] File /Users/maximeoger/dev/email-base/functions/src/index.ts changed, reloading triggers {"metadata":{"emulator":{"name":"functions"},"message":"File /Users/maximeoger/dev/email-base/functions/src/index.ts changed, reloading triggers"}}
[debug] [2023-07-29T16:10:48.713Z] Validating nodejs source
[debug] [2023-07-29T16:10:49.081Z] > [functions] package.json contents: {
  "name": "functions",
  "scripts": {
    "lint": "eslint --ext .js,.ts .",
    "build": "tsc",
    "build:watch": "tsc --watch",
    "serve": "npm run build && firebase emulators:start --only functions",
    "shell": "npm run build && firebase functions:shell",
    "start": "npm run shell",
    "deploy": "firebase deploy --only functions",
    "logs": "firebase functions:log"
  },
  "engines": {
    "node": "18"
  },
  "main": "lib/index.js",
  "dependencies": {
    "firebase-admin": "^11.8.0",
    "firebase-functions": "^4.3.1"
  },
  "devDependencies": {
    "@typescript-eslint/eslint-plugin": "^5.12.0",
    "@typescript-eslint/parser": "^5.12.0",
    "eslint": "^8.9.0",
    "eslint-config-google": "^0.14.0",
    "eslint-plugin-import": "^2.25.4",
    "firebase-functions-test": "^3.1.0",
    "typescript": "^4.9.0"
  },
  "private": true
}
[debug] [2023-07-29T16:10:49.082Z] Building nodejs source
[debug] [2023-07-29T16:10:49.082Z] Failed to find version of module node: reached end of search path /Users/maximeoger/dev/email-base/functions/node_modules
[info] ✔  functions: Using node@18 from host. 
[debug] [2023-07-29T16:10:49.083Z] Could not find functions.yaml. Must use http discovery
[debug] [2023-07-29T16:10:49.084Z] Found firebase-functions binary at '/Users/maximeoger/dev/email-base/functions/node_modules/.bin/firebase-functions'
[info] Serving at port 8140

[debug] [2023-07-29T16:10:49.347Z] Got response from /__/functions.yaml {"endpoints":{"helloWorld":{"availableMemoryMb":null,"timeoutSeconds":null,"minInstances":null,"maxInstances":null,"ingressSettings":null,"concurrency":null,"serviceAccountEmail":null,"vpc":null,"platform":"gcfv2","labels":{},"httpsTrigger":{},"entryPoint":"helloWorld"},"createMail":{"platform":"gcfv1","availableMemoryMb":null,"timeoutSeconds":null,"minInstances":null,"maxInstances":null,"ingressSettings":null,"serviceAccountEmail":null,"vpc":null,"eventTrigger":{"eventType":"providers/cloud.firestore/eventTypes/document.create","eventFilters":{"resource":"projects/email-base-cb5de/databases/(default)/documents/Mails/{mailId}"},"retry":false},"labels":{},"entryPoint":"createMail"}},"specVersion":"v1alpha1","requiredAPIs":[]}
[info] shutdown requested via /__/quitquitquit

[info] ✔  functions: Loaded functions definitions from source: helloWorld, createMail. {"metadata":{"emulator":{"name":"functions"},"message":"Loaded functions definitions from source: helloWorld, createMail."}}
[debug] [2023-07-29T16:10:51.982Z] File /Users/maximeoger/dev/email-base/functions/src/index.ts changed, reloading triggers {"metadata":{"emulator":{"name":"functions"},"message":"File /Users/maximeoger/dev/email-base/functions/src/index.ts changed, reloading triggers"}}
[debug] [2023-07-29T16:10:52.985Z] Validating nodejs source
[debug] [2023-07-29T16:10:53.302Z] > [functions] package.json contents: {
  "name": "functions",
  "scripts": {
    "lint": "eslint --ext .js,.ts .",
    "build": "tsc",
    "build:watch": "tsc --watch",
    "serve": "npm run build && firebase emulators:start --only functions",
    "shell": "npm run build && firebase functions:shell",
    "start": "npm run shell",
    "deploy": "firebase deploy --only functions",
    "logs": "firebase functions:log"
  },
  "engines": {
    "node": "18"
  },
  "main": "lib/index.js",
  "dependencies": {
    "firebase-admin": "^11.8.0",
    "firebase-functions": "^4.3.1"
  },
  "devDependencies": {
    "@typescript-eslint/eslint-plugin": "^5.12.0",
    "@typescript-eslint/parser": "^5.12.0",
    "eslint": "^8.9.0",
    "eslint-config-google": "^0.14.0",
    "eslint-plugin-import": "^2.25.4",
    "firebase-functions-test": "^3.1.0",
    "typescript": "^4.9.0"
  },
  "private": true
}
[debug] [2023-07-29T16:10:53.302Z] Building nodejs source
[debug] [2023-07-29T16:10:53.302Z] Failed to find version of module node: reached end of search path /Users/maximeoger/dev/email-base/functions/node_modules
[info] ✔  functions: Using node@18 from host. 
[debug] [2023-07-29T16:10:53.302Z] Could not find functions.yaml. Must use http discovery
[debug] [2023-07-29T16:10:53.303Z] Found firebase-functions binary at '/Users/maximeoger/dev/email-base/functions/node_modules/.bin/firebase-functions'
[info] Serving at port 8796

[debug] [2023-07-29T16:10:53.474Z] Got response from /__/functions.yaml {"endpoints":{"helloWorld":{"availableMemoryMb":null,"timeoutSeconds":null,"minInstances":null,"maxInstances":null,"ingressSettings":null,"concurrency":null,"serviceAccountEmail":null,"vpc":null,"platform":"gcfv2","labels":{},"httpsTrigger":{},"entryPoint":"helloWorld"},"createMail":{"platform":"gcfv1","availableMemoryMb":null,"timeoutSeconds":null,"minInstances":null,"maxInstances":null,"ingressSettings":null,"serviceAccountEmail":null,"vpc":null,"eventTrigger":{"eventType":"providers/cloud.firestore/eventTypes/document.create","eventFilters":{"resource":"projects/email-base-cb5de/databases/(default)/documents/Mails/{mailId}"},"retry":false},"labels":{},"entryPoint":"createMail"}},"specVersion":"v1alpha1","requiredAPIs":[]}
[info] shutdown requested via /__/quitquitquit

[info] ✔  functions: Loaded functions definitions from source: helloWorld, createMail. {"metadata":{"emulator":{"name":"functions"},"message":"Loaded functions definitions from source: helloWorld, createMail."}}
[debug] [2023-07-29T16:11:11.467Z] File /Users/maximeoger/dev/email-base/functions/lib/helpers/getDatabase.js.map changed, reloading triggers {"metadata":{"emulator":{"name":"functions"},"message":"File /Users/maximeoger/dev/email-base/functions/lib/helpers/getDatabase.js.map changed, reloading triggers"}}
[debug] [2023-07-29T16:11:11.467Z] File /Users/maximeoger/dev/email-base/functions/lib/helpers/getDatabase.js changed, reloading triggers {"metadata":{"emulator":{"name":"functions"},"message":"File /Users/maximeoger/dev/email-base/functions/lib/helpers/getDatabase.js changed, reloading triggers"}}
[debug] [2023-07-29T16:11:11.468Z] File /Users/maximeoger/dev/email-base/functions/lib/helpers/getIncrement.js.map changed, reloading triggers {"metadata":{"emulator":{"name":"functions"},"message":"File /Users/maximeoger/dev/email-base/functions/lib/helpers/getIncrement.js.map changed, reloading triggers"}}
[debug] [2023-07-29T16:11:11.469Z] File /Users/maximeoger/dev/email-base/functions/lib/helpers/getIncrement.js changed, reloading triggers {"metadata":{"emulator":{"name":"functions"},"message":"File /Users/maximeoger/dev/email-base/functions/lib/helpers/getIncrement.js changed, reloading triggers"}}
[debug] [2023-07-29T16:11:11.469Z] File /Users/maximeoger/dev/email-base/functions/lib/index.js.map changed, reloading triggers {"metadata":{"emulator":{"name":"functions"},"message":"File /Users/maximeoger/dev/email-base/functions/lib/index.js.map changed, reloading triggers"}}
[debug] [2023-07-29T16:11:11.469Z] File /Users/maximeoger/dev/email-base/functions/lib/index.js changed, reloading triggers {"metadata":{"emulator":{"name":"functions"},"message":"File /Users/maximeoger/dev/email-base/functions/lib/index.js changed, reloading triggers"}}
[debug] [2023-07-29T16:11:12.472Z] Validating nodejs source
[debug] [2023-07-29T16:11:12.758Z] > [functions] package.json contents: {
  "name": "functions",
  "scripts": {
    "lint": "eslint --ext .js,.ts .",
    "build": "tsc",
    "build:watch": "tsc --watch",
    "serve": "npm run build && firebase emulators:start --only functions",
    "shell": "npm run build && firebase functions:shell",
    "start": "npm run shell",
    "deploy": "firebase deploy --only functions",
    "logs": "firebase functions:log"
  },
  "engines": {
    "node": "18"
  },
  "main": "lib/index.js",
  "dependencies": {
    "firebase-admin": "^11.8.0",
    "firebase-functions": "^4.3.1"
  },
  "devDependencies": {
    "@typescript-eslint/eslint-plugin": "^5.12.0",
    "@typescript-eslint/parser": "^5.12.0",
    "eslint": "^8.9.0",
    "eslint-config-google": "^0.14.0",
    "eslint-plugin-import": "^2.25.4",
    "firebase-functions-test": "^3.1.0",
    "typescript": "^4.9.0"
  },
  "private": true
}
[debug] [2023-07-29T16:11:12.758Z] Building nodejs source
[debug] [2023-07-29T16:11:12.758Z] Failed to find version of module node: reached end of search path /Users/maximeoger/dev/email-base/functions/node_modules
[info] ✔  functions: Using node@18 from host. 
[debug] [2023-07-29T16:11:12.759Z] Could not find functions.yaml. Must use http discovery
[debug] [2023-07-29T16:11:12.760Z] Found firebase-functions binary at '/Users/maximeoger/dev/email-base/functions/node_modules/.bin/firebase-functions'
[info] Serving at port 8610

[debug] [2023-07-29T16:11:12.982Z] Got response from /__/functions.yaml {"endpoints":{"createMail":{"platform":"gcfv1","availableMemoryMb":null,"timeoutSeconds":null,"minInstances":null,"maxInstances":null,"ingressSettings":null,"serviceAccountEmail":null,"vpc":null,"eventTrigger":{"eventType":"providers/cloud.firestore/eventTypes/document.create","eventFilters":{"resource":"projects/email-base-cb5de/databases/(default)/documents/Mails/{mailId}"},"retry":false},"labels":{},"entryPoint":"createMail"}},"specVersion":"v1alpha1","requiredAPIs":[]}
[info] shutdown requested via /__/quitquitquit

[info] ✔  functions: Loaded functions definitions from source: createMail. {"metadata":{"emulator":{"name":"functions"},"message":"Loaded functions definitions from source: createMail."}}
[debug] [2023-07-29T16:18:58.934Z] File /Users/maximeoger/dev/email-base/functions/src/helpers/getDatabase.ts changed, reloading triggers {"metadata":{"emulator":{"name":"functions"},"message":"File /Users/maximeoger/dev/email-base/functions/src/helpers/getDatabase.ts changed, reloading triggers"}}
[debug] [2023-07-29T16:18:59.943Z] Validating nodejs source
[debug] [2023-07-29T16:19:00.353Z] > [functions] package.json contents: {
  "name": "functions",
  "scripts": {
    "lint": "eslint --ext .js,.ts .",
    "build": "tsc",
    "build:watch": "tsc --watch",
    "serve": "npm run build && firebase emulators:start --only functions",
    "shell": "npm run build && firebase functions:shell",
    "start": "npm run shell",
    "deploy": "firebase deploy --only functions",
    "logs": "firebase functions:log"
  },
  "engines": {
    "node": "18"
  },
  "main": "lib/index.js",
  "dependencies": {
    "firebase-admin": "^11.8.0",
    "firebase-functions": "^4.3.1"
  },
  "devDependencies": {
    "@typescript-eslint/eslint-plugin": "^5.12.0",
    "@typescript-eslint/parser": "^5.12.0",
    "eslint": "^8.9.0",
    "eslint-config-google": "^0.14.0",
    "eslint-plugin-import": "^2.25.4",
    "firebase-functions-test": "^3.1.0",
    "typescript": "^4.9.0"
  },
  "private": true
}
[debug] [2023-07-29T16:19:00.354Z] Building nodejs source
[debug] [2023-07-29T16:19:00.354Z] Failed to find version of module node: reached end of search path /Users/maximeoger/dev/email-base/functions/node_modules
[info] ✔  functions: Using node@18 from host. 
[debug] [2023-07-29T16:19:00.355Z] Could not find functions.yaml. Must use http discovery
[debug] [2023-07-29T16:19:00.356Z] Found firebase-functions binary at '/Users/maximeoger/dev/email-base/functions/node_modules/.bin/firebase-functions'
[info] Serving at port 8039

[debug] [2023-07-29T16:19:00.719Z] Got response from /__/functions.yaml {"endpoints":{"createMail":{"platform":"gcfv1","availableMemoryMb":null,"timeoutSeconds":null,"minInstances":null,"maxInstances":null,"ingressSettings":null,"serviceAccountEmail":null,"vpc":null,"eventTrigger":{"eventType":"providers/cloud.firestore/eventTypes/document.create","eventFilters":{"resource":"projects/email-base-cb5de/databases/(default)/documents/Mails/{mailId}"},"retry":false},"labels":{},"entryPoint":"createMail"}},"specVersion":"v1alpha1","requiredAPIs":[]}
[info] shutdown requested via /__/quitquitquit

[info] ✔  functions: Loaded functions definitions from source: createMail. {"metadata":{"emulator":{"name":"functions"},"message":"Loaded functions definitions from source: createMail."}}
[debug] [2023-07-29T16:19:10.932Z] File /Users/maximeoger/dev/email-base/functions/lib/helpers/getDatabase.js.map changed, reloading triggers {"metadata":{"emulator":{"name":"functions"},"message":"File /Users/maximeoger/dev/email-base/functions/lib/helpers/getDatabase.js.map changed, reloading triggers"}}
[debug] [2023-07-29T16:19:10.932Z] File /Users/maximeoger/dev/email-base/functions/lib/helpers/getDatabase.js changed, reloading triggers {"metadata":{"emulator":{"name":"functions"},"message":"File /Users/maximeoger/dev/email-base/functions/lib/helpers/getDatabase.js changed, reloading triggers"}}
[debug] [2023-07-29T16:19:10.932Z] File /Users/maximeoger/dev/email-base/functions/lib/helpers/getIncrement.js.map changed, reloading triggers {"metadata":{"emulator":{"name":"functions"},"message":"File /Users/maximeoger/dev/email-base/functions/lib/helpers/getIncrement.js.map changed, reloading triggers"}}
[debug] [2023-07-29T16:19:10.932Z] File /Users/maximeoger/dev/email-base/functions/lib/helpers/getIncrement.js changed, reloading triggers {"metadata":{"emulator":{"name":"functions"},"message":"File /Users/maximeoger/dev/email-base/functions/lib/helpers/getIncrement.js changed, reloading triggers"}}
[debug] [2023-07-29T16:19:10.932Z] File /Users/maximeoger/dev/email-base/functions/lib/index.js.map changed, reloading triggers {"metadata":{"emulator":{"name":"functions"},"message":"File /Users/maximeoger/dev/email-base/functions/lib/index.js.map changed, reloading triggers"}}
[debug] [2023-07-29T16:19:10.932Z] File /Users/maximeoger/dev/email-base/functions/lib/index.js changed, reloading triggers {"metadata":{"emulator":{"name":"functions"},"message":"File /Users/maximeoger/dev/email-base/functions/lib/index.js changed, reloading triggers"}}
[debug] [2023-07-29T16:19:11.933Z] Validating nodejs source
[debug] [2023-07-29T16:19:12.220Z] > [functions] package.json contents: {
  "name": "functions",
  "scripts": {
    "lint": "eslint --ext .js,.ts .",
    "build": "tsc",
    "build:watch": "tsc --watch",
    "serve": "npm run build && firebase emulators:start --only functions",
    "shell": "npm run build && firebase functions:shell",
    "start": "npm run shell",
    "deploy": "firebase deploy --only functions",
    "logs": "firebase functions:log"
  },
  "engines": {
    "node": "18"
  },
  "main": "lib/index.js",
  "dependencies": {
    "firebase-admin": "^11.8.0",
    "firebase-functions": "^4.3.1"
  },
  "devDependencies": {
    "@typescript-eslint/eslint-plugin": "^5.12.0",
    "@typescript-eslint/parser": "^5.12.0",
    "eslint": "^8.9.0",
    "eslint-config-google": "^0.14.0",
    "eslint-plugin-import": "^2.25.4",
    "firebase-functions-test": "^3.1.0",
    "typescript": "^4.9.0"
  },
  "private": true
}
[debug] [2023-07-29T16:19:12.220Z] Building nodejs source
[debug] [2023-07-29T16:19:12.220Z] Failed to find version of module node: reached end of search path /Users/maximeoger/dev/email-base/functions/node_modules
[info] ✔  functions: Using node@18 from host. 
[debug] [2023-07-29T16:19:12.221Z] Could not find functions.yaml. Must use http discovery
[debug] [2023-07-29T16:19:12.222Z] Found firebase-functions binary at '/Users/maximeoger/dev/email-base/functions/node_modules/.bin/firebase-functions'
[info] Serving at port 8656

[debug] [2023-07-29T16:19:12.438Z] Got response from /__/functions.yaml {"endpoints":{"createMail":{"platform":"gcfv1","availableMemoryMb":null,"timeoutSeconds":null,"minInstances":null,"maxInstances":null,"ingressSettings":null,"serviceAccountEmail":null,"vpc":null,"eventTrigger":{"eventType":"providers/cloud.firestore/eventTypes/document.create","eventFilters":{"resource":"projects/email-base-cb5de/databases/(default)/documents/Mails/{mailId}"},"retry":false},"labels":{},"entryPoint":"createMail"}},"specVersion":"v1alpha1","requiredAPIs":[]}
[info] shutdown requested via /__/quitquitquit

[info] ✔  functions: Loaded functions definitions from source: createMail. {"metadata":{"emulator":{"name":"functions"},"message":"Loaded functions definitions from source: createMail."}}
[debug] [2023-07-29T16:26:48.924Z] Jul 29, 2023 6:26:48 PM com.google.cloud.datastore.emulator.firestore.websocket.WebSocketChannelHandler channelClosed
INFO: Websocket client disconnected
 {"metadata":{"emulator":{"name":"firestore"},"message":"Jul 29, 2023 6:26:48 PM com.google.cloud.datastore.emulator.firestore.websocket.WebSocketChannelHandler channelClosed\nINFO: Websocket client disconnected\n"}}
[debug] [2023-07-29T16:26:49.154Z] Jul 29, 2023 6:26:49 PM com.google.cloud.datastore.emulator.firestore.websocket.WebSocketChannelHandler channelClosed
INFO: Websocket client disconnected
 {"metadata":{"emulator":{"name":"firestore"},"message":"Jul 29, 2023 6:26:49 PM com.google.cloud.datastore.emulator.firestore.websocket.WebSocketChannelHandler channelClosed\nINFO: Websocket client disconnected\n"}}
[debug] [2023-07-29T16:31:57.218Z] File /Users/maximeoger/dev/email-base/functions/src/index.ts changed, reloading triggers {"metadata":{"emulator":{"name":"functions"},"message":"File /Users/maximeoger/dev/email-base/functions/src/index.ts changed, reloading triggers"}}
[debug] [2023-07-29T16:31:58.229Z] Validating nodejs source
[debug] [2023-07-29T16:31:59.317Z] > [functions] package.json contents: {
  "name": "functions",
  "scripts": {
    "lint": "eslint --ext .js,.ts .",
    "build": "tsc",
    "build:watch": "tsc --watch",
    "serve": "npm run build && firebase emulators:start --only functions",
    "shell": "npm run build && firebase functions:shell",
    "start": "npm run shell",
    "deploy": "firebase deploy --only functions",
    "logs": "firebase functions:log"
  },
  "engines": {
    "node": "18"
  },
  "main": "lib/index.js",
  "dependencies": {
    "firebase-admin": "^11.8.0",
    "firebase-functions": "^4.3.1"
  },
  "devDependencies": {
    "@typescript-eslint/eslint-plugin": "^5.12.0",
    "@typescript-eslint/parser": "^5.12.0",
    "eslint": "^8.9.0",
    "eslint-config-google": "^0.14.0",
    "eslint-plugin-import": "^2.25.4",
    "firebase-functions-test": "^3.1.0",
    "typescript": "^4.9.0"
  },
  "private": true
}
[debug] [2023-07-29T16:31:59.317Z] Building nodejs source
[debug] [2023-07-29T16:31:59.317Z] Failed to find version of module node: reached end of search path /Users/maximeoger/dev/email-base/functions/node_modules
[info] ✔  functions: Using node@18 from host. 
[debug] [2023-07-29T16:31:59.319Z] Could not find functions.yaml. Must use http discovery
[debug] [2023-07-29T16:31:59.320Z] Found firebase-functions binary at '/Users/maximeoger/dev/email-base/functions/node_modules/.bin/firebase-functions'
[info] Serving at port 8174

[debug] [2023-07-29T16:31:59.603Z] Got response from /__/functions.yaml {"endpoints":{"createMail":{"platform":"gcfv1","availableMemoryMb":null,"timeoutSeconds":null,"minInstances":null,"maxInstances":null,"ingressSettings":null,"serviceAccountEmail":null,"vpc":null,"eventTrigger":{"eventType":"providers/cloud.firestore/eventTypes/document.create","eventFilters":{"resource":"projects/email-base-cb5de/databases/(default)/documents/Mails/{mailId}"},"retry":false},"labels":{},"entryPoint":"createMail"}},"specVersion":"v1alpha1","requiredAPIs":[]}
[info] shutdown requested via /__/quitquitquit

[info] ✔  functions: Loaded functions definitions from source: createMail. {"metadata":{"emulator":{"name":"functions"},"message":"Loaded functions definitions from source: createMail."}}
[debug] [2023-07-29T16:33:28.649Z] File /Users/maximeoger/dev/email-base/functions/src/index.ts changed, reloading triggers {"metadata":{"emulator":{"name":"functions"},"message":"File /Users/maximeoger/dev/email-base/functions/src/index.ts changed, reloading triggers"}}
[debug] [2023-07-29T16:33:29.654Z] Validating nodejs source
[debug] [2023-07-29T16:33:30.743Z] > [functions] package.json contents: {
  "name": "functions",
  "scripts": {
    "lint": "eslint --ext .js,.ts .",
    "build": "tsc",
    "build:watch": "tsc --watch",
    "serve": "npm run build && firebase emulators:start --only functions",
    "shell": "npm run build && firebase functions:shell",
    "start": "npm run shell",
    "deploy": "firebase deploy --only functions",
    "logs": "firebase functions:log"
  },
  "engines": {
    "node": "18"
  },
  "main": "lib/index.js",
  "dependencies": {
    "firebase-admin": "^11.8.0",
    "firebase-functions": "^4.3.1"
  },
  "devDependencies": {
    "@typescript-eslint/eslint-plugin": "^5.12.0",
    "@typescript-eslint/parser": "^5.12.0",
    "eslint": "^8.9.0",
    "eslint-config-google": "^0.14.0",
    "eslint-plugin-import": "^2.25.4",
    "firebase-functions-test": "^3.1.0",
    "typescript": "^4.9.0"
  },
  "private": true
}
[debug] [2023-07-29T16:33:30.743Z] Building nodejs source
[debug] [2023-07-29T16:33:30.743Z] Failed to find version of module node: reached end of search path /Users/maximeoger/dev/email-base/functions/node_modules
[info] ✔  functions: Using node@18 from host. 
[debug] [2023-07-29T16:33:30.744Z] Could not find functions.yaml. Must use http discovery
[debug] [2023-07-29T16:33:30.745Z] Found firebase-functions binary at '/Users/maximeoger/dev/email-base/functions/node_modules/.bin/firebase-functions'
[info] Serving at port 8603

[debug] [2023-07-29T16:33:31.001Z] Got response from /__/functions.yaml {"endpoints":{"createMail":{"platform":"gcfv1","availableMemoryMb":null,"timeoutSeconds":null,"minInstances":null,"maxInstances":null,"ingressSettings":null,"serviceAccountEmail":null,"vpc":null,"eventTrigger":{"eventType":"providers/cloud.firestore/eventTypes/document.create","eventFilters":{"resource":"projects/email-base-cb5de/databases/(default)/documents/Mails/{mailId}"},"retry":false},"labels":{},"entryPoint":"createMail"}},"specVersion":"v1alpha1","requiredAPIs":[]}
[info] shutdown requested via /__/quitquitquit

[info] ✔  functions: Loaded functions definitions from source: createMail. {"metadata":{"emulator":{"name":"functions"},"message":"Loaded functions definitions from source: createMail."}}
[debug] [2023-07-29T16:33:46.643Z] File /Users/maximeoger/dev/email-base/functions/src/index.ts changed, reloading triggers {"metadata":{"emulator":{"name":"functions"},"message":"File /Users/maximeoger/dev/email-base/functions/src/index.ts changed, reloading triggers"}}
[debug] [2023-07-29T16:33:47.650Z] Validating nodejs source
[debug] [2023-07-29T16:33:48.003Z] > [functions] package.json contents: {
  "name": "functions",
  "scripts": {
    "lint": "eslint --ext .js,.ts .",
    "build": "tsc",
    "build:watch": "tsc --watch",
    "serve": "npm run build && firebase emulators:start --only functions",
    "shell": "npm run build && firebase functions:shell",
    "start": "npm run shell",
    "deploy": "firebase deploy --only functions",
    "logs": "firebase functions:log"
  },
  "engines": {
    "node": "18"
  },
  "main": "lib/index.js",
  "dependencies": {
    "firebase-admin": "^11.8.0",
    "firebase-functions": "^4.3.1"
  },
  "devDependencies": {
    "@typescript-eslint/eslint-plugin": "^5.12.0",
    "@typescript-eslint/parser": "^5.12.0",
    "eslint": "^8.9.0",
    "eslint-config-google": "^0.14.0",
    "eslint-plugin-import": "^2.25.4",
    "firebase-functions-test": "^3.1.0",
    "typescript": "^4.9.0"
  },
  "private": true
}
[debug] [2023-07-29T16:33:48.003Z] Building nodejs source
[debug] [2023-07-29T16:33:48.003Z] Failed to find version of module node: reached end of search path /Users/maximeoger/dev/email-base/functions/node_modules
[info] ✔  functions: Using node@18 from host. 
[debug] [2023-07-29T16:33:48.005Z] Could not find functions.yaml. Must use http discovery
[debug] [2023-07-29T16:33:48.006Z] Found firebase-functions binary at '/Users/maximeoger/dev/email-base/functions/node_modules/.bin/firebase-functions'
[info] Serving at port 8800

[debug] [2023-07-29T16:33:48.227Z] Got response from /__/functions.yaml {"endpoints":{"createMail":{"platform":"gcfv1","availableMemoryMb":null,"timeoutSeconds":null,"minInstances":null,"maxInstances":null,"ingressSettings":null,"serviceAccountEmail":null,"vpc":null,"eventTrigger":{"eventType":"providers/cloud.firestore/eventTypes/document.create","eventFilters":{"resource":"projects/email-base-cb5de/databases/(default)/documents/Mails/{mailId}"},"retry":false},"labels":{},"entryPoint":"createMail"}},"specVersion":"v1alpha1","requiredAPIs":[]}
[info] shutdown requested via /__/quitquitquit

[info] ✔  functions: Loaded functions definitions from source: createMail. {"metadata":{"emulator":{"name":"functions"},"message":"Loaded functions definitions from source: createMail."}}
[debug] [2023-07-29T16:34:05.590Z] File /Users/maximeoger/dev/email-base/functions/src/index.ts changed, reloading triggers {"metadata":{"emulator":{"name":"functions"},"message":"File /Users/maximeoger/dev/email-base/functions/src/index.ts changed, reloading triggers"}}
[debug] [2023-07-29T16:34:06.597Z] Validating nodejs source
[debug] [2023-07-29T16:34:07.703Z] > [functions] package.json contents: {
  "name": "functions",
  "scripts": {
    "lint": "eslint --ext .js,.ts .",
    "build": "tsc",
    "build:watch": "tsc --watch",
    "serve": "npm run build && firebase emulators:start --only functions",
    "shell": "npm run build && firebase functions:shell",
    "start": "npm run shell",
    "deploy": "firebase deploy --only functions",
    "logs": "firebase functions:log"
  },
  "engines": {
    "node": "18"
  },
  "main": "lib/index.js",
  "dependencies": {
    "firebase-admin": "^11.8.0",
    "firebase-functions": "^4.3.1"
  },
  "devDependencies": {
    "@typescript-eslint/eslint-plugin": "^5.12.0",
    "@typescript-eslint/parser": "^5.12.0",
    "eslint": "^8.9.0",
    "eslint-config-google": "^0.14.0",
    "eslint-plugin-import": "^2.25.4",
    "firebase-functions-test": "^3.1.0",
    "typescript": "^4.9.0"
  },
  "private": true
}
[debug] [2023-07-29T16:34:07.704Z] Building nodejs source
[debug] [2023-07-29T16:34:07.704Z] Failed to find version of module node: reached end of search path /Users/maximeoger/dev/email-base/functions/node_modules
[info] ✔  functions: Using node@18 from host. 
[debug] [2023-07-29T16:34:07.705Z] Could not find functions.yaml. Must use http discovery
[debug] [2023-07-29T16:34:07.706Z] Found firebase-functions binary at '/Users/maximeoger/dev/email-base/functions/node_modules/.bin/firebase-functions'
[info] Serving at port 8193

[debug] [2023-07-29T16:34:07.982Z] Got response from /__/functions.yaml {"endpoints":{"createMail":{"platform":"gcfv1","availableMemoryMb":null,"timeoutSeconds":null,"minInstances":null,"maxInstances":null,"ingressSettings":null,"serviceAccountEmail":null,"vpc":null,"eventTrigger":{"eventType":"providers/cloud.firestore/eventTypes/document.create","eventFilters":{"resource":"projects/email-base-cb5de/databases/(default)/documents/Mails/{mailId}"},"retry":false},"labels":{},"entryPoint":"createMail"}},"specVersion":"v1alpha1","requiredAPIs":[]}
[info] shutdown requested via /__/quitquitquit

[info] ✔  functions: Loaded functions definitions from source: createMail. {"metadata":{"emulator":{"name":"functions"},"message":"Loaded functions definitions from source: createMail."}}
[debug] [2023-07-29T16:35:05.194Z] File /Users/maximeoger/dev/email-base/functions/src/index.ts changed, reloading triggers {"metadata":{"emulator":{"name":"functions"},"message":"File /Users/maximeoger/dev/email-base/functions/src/index.ts changed, reloading triggers"}}
[debug] [2023-07-29T16:35:06.216Z] Validating nodejs source
[debug] [2023-07-29T16:35:06.567Z] > [functions] package.json contents: {
  "name": "functions",
  "scripts": {
    "lint": "eslint --ext .js,.ts .",
    "build": "tsc",
    "build:watch": "tsc --watch",
    "serve": "npm run build && firebase emulators:start --only functions",
    "shell": "npm run build && firebase functions:shell",
    "start": "npm run shell",
    "deploy": "firebase deploy --only functions",
    "logs": "firebase functions:log"
  },
  "engines": {
    "node": "18"
  },
  "main": "lib/index.js",
  "dependencies": {
    "firebase-admin": "^11.8.0",
    "firebase-functions": "^4.3.1"
  },
  "devDependencies": {
    "@typescript-eslint/eslint-plugin": "^5.12.0",
    "@typescript-eslint/parser": "^5.12.0",
    "eslint": "^8.9.0",
    "eslint-config-google": "^0.14.0",
    "eslint-plugin-import": "^2.25.4",
    "firebase-functions-test": "^3.1.0",
    "typescript": "^4.9.0"
  },
  "private": true
}
[debug] [2023-07-29T16:35:06.567Z] Building nodejs source
[debug] [2023-07-29T16:35:06.567Z] Failed to find version of module node: reached end of search path /Users/maximeoger/dev/email-base/functions/node_modules
[info] ✔  functions: Using node@18 from host. 
[debug] [2023-07-29T16:35:06.568Z] Could not find functions.yaml. Must use http discovery
[debug] [2023-07-29T16:35:06.569Z] Found firebase-functions binary at '/Users/maximeoger/dev/email-base/functions/node_modules/.bin/firebase-functions'
[info] Serving at port 8899

[debug] [2023-07-29T16:35:06.824Z] Got response from /__/functions.yaml {"endpoints":{"createMail":{"platform":"gcfv1","availableMemoryMb":null,"timeoutSeconds":null,"minInstances":null,"maxInstances":null,"ingressSettings":null,"serviceAccountEmail":null,"vpc":null,"eventTrigger":{"eventType":"providers/cloud.firestore/eventTypes/document.create","eventFilters":{"resource":"projects/email-base-cb5de/databases/(default)/documents/Mails/{mailId}"},"retry":false},"labels":{},"entryPoint":"createMail"}},"specVersion":"v1alpha1","requiredAPIs":[]}
[info] shutdown requested via /__/quitquitquit

[info] ✔  functions: Loaded functions definitions from source: createMail. {"metadata":{"emulator":{"name":"functions"},"message":"Loaded functions definitions from source: createMail."}}
[debug] [2023-07-29T16:35:58.521Z] File /Users/maximeoger/dev/email-base/functions/src/index.ts changed, reloading triggers {"metadata":{"emulator":{"name":"functions"},"message":"File /Users/maximeoger/dev/email-base/functions/src/index.ts changed, reloading triggers"}}
[debug] [2023-07-29T16:35:59.526Z] Validating nodejs source
[debug] [2023-07-29T16:35:59.908Z] > [functions] package.json contents: {
  "name": "functions",
  "scripts": {
    "lint": "eslint --ext .js,.ts .",
    "build": "tsc",
    "build:watch": "tsc --watch",
    "serve": "npm run build && firebase emulators:start --only functions",
    "shell": "npm run build && firebase functions:shell",
    "start": "npm run shell",
    "deploy": "firebase deploy --only functions",
    "logs": "firebase functions:log"
  },
  "engines": {
    "node": "18"
  },
  "main": "lib/index.js",
  "dependencies": {
    "firebase-admin": "^11.8.0",
    "firebase-functions": "^4.3.1"
  },
  "devDependencies": {
    "@typescript-eslint/eslint-plugin": "^5.12.0",
    "@typescript-eslint/parser": "^5.12.0",
    "eslint": "^8.9.0",
    "eslint-config-google": "^0.14.0",
    "eslint-plugin-import": "^2.25.4",
    "firebase-functions-test": "^3.1.0",
    "typescript": "^4.9.0"
  },
  "private": true
}
[debug] [2023-07-29T16:35:59.908Z] Building nodejs source
[debug] [2023-07-29T16:35:59.908Z] Failed to find version of module node: reached end of search path /Users/maximeoger/dev/email-base/functions/node_modules
[info] ✔  functions: Using node@18 from host. 
[debug] [2023-07-29T16:35:59.909Z] Could not find functions.yaml. Must use http discovery
[debug] [2023-07-29T16:35:59.909Z] Found firebase-functions binary at '/Users/maximeoger/dev/email-base/functions/node_modules/.bin/firebase-functions'
[info] Serving at port 8703

[debug] [2023-07-29T16:36:00.163Z] Got response from /__/functions.yaml {"endpoints":{"createMail":{"platform":"gcfv1","availableMemoryMb":null,"timeoutSeconds":null,"minInstances":null,"maxInstances":null,"ingressSettings":null,"serviceAccountEmail":null,"vpc":null,"eventTrigger":{"eventType":"providers/cloud.firestore/eventTypes/document.create","eventFilters":{"resource":"projects/email-base-cb5de/databases/(default)/documents/Mails/{mailId}"},"retry":false},"labels":{},"entryPoint":"createMail"}},"specVersion":"v1alpha1","requiredAPIs":[]}
[info] shutdown requested via /__/quitquitquit

[info] ✔  functions: Loaded functions definitions from source: createMail. {"metadata":{"emulator":{"name":"functions"},"message":"Loaded functions definitions from source: createMail."}}
[debug] [2023-07-29T16:36:15.362Z] File /Users/maximeoger/dev/email-base/functions/src/index.ts changed, reloading triggers {"metadata":{"emulator":{"name":"functions"},"message":"File /Users/maximeoger/dev/email-base/functions/src/index.ts changed, reloading triggers"}}
[debug] [2023-07-29T16:36:16.365Z] Validating nodejs source
[debug] [2023-07-29T16:36:16.695Z] > [functions] package.json contents: {
  "name": "functions",
  "scripts": {
    "lint": "eslint --ext .js,.ts .",
    "build": "tsc",
    "build:watch": "tsc --watch",
    "serve": "npm run build && firebase emulators:start --only functions",
    "shell": "npm run build && firebase functions:shell",
    "start": "npm run shell",
    "deploy": "firebase deploy --only functions",
    "logs": "firebase functions:log"
  },
  "engines": {
    "node": "18"
  },
  "main": "lib/index.js",
  "dependencies": {
    "firebase-admin": "^11.8.0",
    "firebase-functions": "^4.3.1"
  },
  "devDependencies": {
    "@typescript-eslint/eslint-plugin": "^5.12.0",
    "@typescript-eslint/parser": "^5.12.0",
    "eslint": "^8.9.0",
    "eslint-config-google": "^0.14.0",
    "eslint-plugin-import": "^2.25.4",
    "firebase-functions-test": "^3.1.0",
    "typescript": "^4.9.0"
  },
  "private": true
}
[debug] [2023-07-29T16:36:16.695Z] Building nodejs source
[debug] [2023-07-29T16:36:16.695Z] Failed to find version of module node: reached end of search path /Users/maximeoger/dev/email-base/functions/node_modules
[info] ✔  functions: Using node@18 from host. 
[debug] [2023-07-29T16:36:16.696Z] Could not find functions.yaml. Must use http discovery
[debug] [2023-07-29T16:36:16.696Z] Found firebase-functions binary at '/Users/maximeoger/dev/email-base/functions/node_modules/.bin/firebase-functions'
[info] Serving at port 8949

[debug] [2023-07-29T16:36:17.020Z] Got response from /__/functions.yaml {"endpoints":{"createMail":{"platform":"gcfv1","availableMemoryMb":null,"timeoutSeconds":null,"minInstances":null,"maxInstances":null,"ingressSettings":null,"serviceAccountEmail":null,"vpc":null,"eventTrigger":{"eventType":"providers/cloud.firestore/eventTypes/document.create","eventFilters":{"resource":"projects/email-base-cb5de/databases/(default)/documents/Mails/{mailId}"},"retry":false},"labels":{},"entryPoint":"createMail"}},"specVersion":"v1alpha1","requiredAPIs":[]}
[info] shutdown requested via /__/quitquitquit

[info] ✔  functions: Loaded functions definitions from source: createMail. {"metadata":{"emulator":{"name":"functions"},"message":"Loaded functions definitions from source: createMail."}}
[debug] [2023-07-29T16:37:19.060Z] File /Users/maximeoger/dev/email-base/functions/src/index.ts changed, reloading triggers {"metadata":{"emulator":{"name":"functions"},"message":"File /Users/maximeoger/dev/email-base/functions/src/index.ts changed, reloading triggers"}}
[debug] [2023-07-29T16:37:20.067Z] Validating nodejs source
[debug] [2023-07-29T16:37:20.422Z] > [functions] package.json contents: {
  "name": "functions",
  "scripts": {
    "lint": "eslint --ext .js,.ts .",
    "build": "tsc",
    "build:watch": "tsc --watch",
    "serve": "npm run build && firebase emulators:start --only functions",
    "shell": "npm run build && firebase functions:shell",
    "start": "npm run shell",
    "deploy": "firebase deploy --only functions",
    "logs": "firebase functions:log"
  },
  "engines": {
    "node": "18"
  },
  "main": "lib/index.js",
  "dependencies": {
    "firebase-admin": "^11.8.0",
    "firebase-functions": "^4.3.1"
  },
  "devDependencies": {
    "@typescript-eslint/eslint-plugin": "^5.12.0",
    "@typescript-eslint/parser": "^5.12.0",
    "eslint": "^8.9.0",
    "eslint-config-google": "^0.14.0",
    "eslint-plugin-import": "^2.25.4",
    "firebase-functions-test": "^3.1.0",
    "typescript": "^4.9.0"
  },
  "private": true
}
[debug] [2023-07-29T16:37:20.422Z] Building nodejs source
[debug] [2023-07-29T16:37:20.422Z] Failed to find version of module node: reached end of search path /Users/maximeoger/dev/email-base/functions/node_modules
[info] ✔  functions: Using node@18 from host. 
[debug] [2023-07-29T16:37:20.423Z] Could not find functions.yaml. Must use http discovery
[debug] [2023-07-29T16:37:20.424Z] Found firebase-functions binary at '/Users/maximeoger/dev/email-base/functions/node_modules/.bin/firebase-functions'
[info] Serving at port 8308

[debug] [2023-07-29T16:37:20.679Z] Got response from /__/functions.yaml {"endpoints":{"createMail":{"platform":"gcfv1","availableMemoryMb":null,"timeoutSeconds":null,"minInstances":null,"maxInstances":null,"ingressSettings":null,"serviceAccountEmail":null,"vpc":null,"eventTrigger":{"eventType":"providers/cloud.firestore/eventTypes/document.create","eventFilters":{"resource":"projects/email-base-cb5de/databases/(default)/documents/Mails/{mailId}"},"retry":false},"labels":{},"entryPoint":"createMail"}},"specVersion":"v1alpha1","requiredAPIs":[]}
[info] shutdown requested via /__/quitquitquit

[info] ✔  functions: Loaded functions definitions from source: createMail. {"metadata":{"emulator":{"name":"functions"},"message":"Loaded functions definitions from source: createMail."}}
[debug] [2023-07-29T16:38:02.903Z] File /Users/maximeoger/dev/email-base/functions/src/index.ts changed, reloading triggers {"metadata":{"emulator":{"name":"functions"},"message":"File /Users/maximeoger/dev/email-base/functions/src/index.ts changed, reloading triggers"}}
[debug] [2023-07-29T16:38:03.909Z] Validating nodejs source
[debug] [2023-07-29T16:38:04.286Z] > [functions] package.json contents: {
  "name": "functions",
  "scripts": {
    "lint": "eslint --ext .js,.ts .",
    "build": "tsc",
    "build:watch": "tsc --watch",
    "serve": "npm run build && firebase emulators:start --only functions",
    "shell": "npm run build && firebase functions:shell",
    "start": "npm run shell",
    "deploy": "firebase deploy --only functions",
    "logs": "firebase functions:log"
  },
  "engines": {
    "node": "18"
  },
  "main": "lib/index.js",
  "dependencies": {
    "firebase-admin": "^11.8.0",
    "firebase-functions": "^4.3.1"
  },
  "devDependencies": {
    "@typescript-eslint/eslint-plugin": "^5.12.0",
    "@typescript-eslint/parser": "^5.12.0",
    "eslint": "^8.9.0",
    "eslint-config-google": "^0.14.0",
    "eslint-plugin-import": "^2.25.4",
    "firebase-functions-test": "^3.1.0",
    "typescript": "^4.9.0"
  },
  "private": true
}
[debug] [2023-07-29T16:38:04.286Z] Building nodejs source
[debug] [2023-07-29T16:38:04.286Z] Failed to find version of module node: reached end of search path /Users/maximeoger/dev/email-base/functions/node_modules
[info] ✔  functions: Using node@18 from host. 
[debug] [2023-07-29T16:38:04.287Z] Could not find functions.yaml. Must use http discovery
[debug] [2023-07-29T16:38:04.288Z] Found firebase-functions binary at '/Users/maximeoger/dev/email-base/functions/node_modules/.bin/firebase-functions'
[info] Serving at port 8991

[debug] [2023-07-29T16:38:04.539Z] Got response from /__/functions.yaml {"endpoints":{"createMail":{"platform":"gcfv1","availableMemoryMb":null,"timeoutSeconds":null,"minInstances":null,"maxInstances":null,"ingressSettings":null,"serviceAccountEmail":null,"vpc":null,"eventTrigger":{"eventType":"providers/cloud.firestore/eventTypes/document.create","eventFilters":{"resource":"projects/email-base-cb5de/databases/(default)/documents/Mails/{mailId}"},"retry":false},"labels":{},"entryPoint":"createMail"}},"specVersion":"v1alpha1","requiredAPIs":[]}
[info] shutdown requested via /__/quitquitquit

[info] ✔  functions: Loaded functions definitions from source: createMail. {"metadata":{"emulator":{"name":"functions"},"message":"Loaded functions definitions from source: createMail."}}
[debug] [2023-07-29T16:38:41.976Z] File /Users/maximeoger/dev/email-base/functions/src/index.ts changed, reloading triggers {"metadata":{"emulator":{"name":"functions"},"message":"File /Users/maximeoger/dev/email-base/functions/src/index.ts changed, reloading triggers"}}
[debug] [2023-07-29T16:38:42.985Z] Validating nodejs source
[debug] [2023-07-29T16:38:43.550Z] > [functions] package.json contents: {
  "name": "functions",
  "scripts": {
    "lint": "eslint --ext .js,.ts .",
    "build": "tsc",
    "build:watch": "tsc --watch",
    "serve": "npm run build && firebase emulators:start --only functions",
    "shell": "npm run build && firebase functions:shell",
    "start": "npm run shell",
    "deploy": "firebase deploy --only functions",
    "logs": "firebase functions:log"
  },
  "engines": {
    "node": "18"
  },
  "main": "lib/index.js",
  "dependencies": {
    "firebase-admin": "^11.8.0",
    "firebase-functions": "^4.3.1"
  },
  "devDependencies": {
    "@typescript-eslint/eslint-plugin": "^5.12.0",
    "@typescript-eslint/parser": "^5.12.0",
    "eslint": "^8.9.0",
    "eslint-config-google": "^0.14.0",
    "eslint-plugin-import": "^2.25.4",
    "firebase-functions-test": "^3.1.0",
    "typescript": "^4.9.0"
  },
  "private": true
}
[debug] [2023-07-29T16:38:43.550Z] Building nodejs source
[debug] [2023-07-29T16:38:43.550Z] Failed to find version of module node: reached end of search path /Users/maximeoger/dev/email-base/functions/node_modules
[info] ✔  functions: Using node@18 from host. 
[debug] [2023-07-29T16:38:43.553Z] Could not find functions.yaml. Must use http discovery
[debug] [2023-07-29T16:38:43.554Z] Found firebase-functions binary at '/Users/maximeoger/dev/email-base/functions/node_modules/.bin/firebase-functions'
[info] Serving at port 8541

[debug] [2023-07-29T16:38:43.813Z] Got response from /__/functions.yaml {"endpoints":{"createMail":{"platform":"gcfv1","availableMemoryMb":null,"timeoutSeconds":null,"minInstances":null,"maxInstances":null,"ingressSettings":null,"serviceAccountEmail":null,"vpc":null,"eventTrigger":{"eventType":"providers/cloud.firestore/eventTypes/document.create","eventFilters":{"resource":"projects/email-base-cb5de/databases/(default)/documents/Mails/{mailId}"},"retry":false},"labels":{},"entryPoint":"createMail"}},"specVersion":"v1alpha1","requiredAPIs":[]}
[info] shutdown requested via /__/quitquitquit

[info] ✔  functions: Loaded functions definitions from source: createMail. {"metadata":{"emulator":{"name":"functions"},"message":"Loaded functions definitions from source: createMail."}}
[debug] [2023-07-29T16:39:08.631Z] File /Users/maximeoger/dev/email-base/functions/lib/helpers/getDatabase.js.map changed, reloading triggers {"metadata":{"emulator":{"name":"functions"},"message":"File /Users/maximeoger/dev/email-base/functions/lib/helpers/getDatabase.js.map changed, reloading triggers"}}
[debug] [2023-07-29T16:39:08.632Z] File /Users/maximeoger/dev/email-base/functions/lib/helpers/getDatabase.js changed, reloading triggers {"metadata":{"emulator":{"name":"functions"},"message":"File /Users/maximeoger/dev/email-base/functions/lib/helpers/getDatabase.js changed, reloading triggers"}}
[debug] [2023-07-29T16:39:08.632Z] File /Users/maximeoger/dev/email-base/functions/lib/helpers/getIncrement.js.map changed, reloading triggers {"metadata":{"emulator":{"name":"functions"},"message":"File /Users/maximeoger/dev/email-base/functions/lib/helpers/getIncrement.js.map changed, reloading triggers"}}
[debug] [2023-07-29T16:39:08.632Z] File /Users/maximeoger/dev/email-base/functions/lib/helpers/getIncrement.js changed, reloading triggers {"metadata":{"emulator":{"name":"functions"},"message":"File /Users/maximeoger/dev/email-base/functions/lib/helpers/getIncrement.js changed, reloading triggers"}}
[debug] [2023-07-29T16:39:08.632Z] File /Users/maximeoger/dev/email-base/functions/lib/index.js.map changed, reloading triggers {"metadata":{"emulator":{"name":"functions"},"message":"File /Users/maximeoger/dev/email-base/functions/lib/index.js.map changed, reloading triggers"}}
[debug] [2023-07-29T16:39:08.632Z] File /Users/maximeoger/dev/email-base/functions/lib/index.js changed, reloading triggers {"metadata":{"emulator":{"name":"functions"},"message":"File /Users/maximeoger/dev/email-base/functions/lib/index.js changed, reloading triggers"}}
[debug] [2023-07-29T16:39:09.634Z] Validating nodejs source
[debug] [2023-07-29T16:39:10.651Z] > [functions] package.json contents: {
  "name": "functions",
  "scripts": {
    "lint": "eslint --ext .js,.ts .",
    "build": "tsc",
    "build:watch": "tsc --watch",
    "serve": "npm run build && firebase emulators:start --only functions",
    "shell": "npm run build && firebase functions:shell",
    "start": "npm run shell",
    "deploy": "firebase deploy --only functions",
    "logs": "firebase functions:log"
  },
  "engines": {
    "node": "18"
  },
  "main": "lib/index.js",
  "dependencies": {
    "firebase-admin": "^11.8.0",
    "firebase-functions": "^4.3.1"
  },
  "devDependencies": {
    "@typescript-eslint/eslint-plugin": "^5.12.0",
    "@typescript-eslint/parser": "^5.12.0",
    "eslint": "^8.9.0",
    "eslint-config-google": "^0.14.0",
    "eslint-plugin-import": "^2.25.4",
    "firebase-functions-test": "^3.1.0",
    "typescript": "^4.9.0"
  },
  "private": true
}
[debug] [2023-07-29T16:39:10.652Z] Building nodejs source
[debug] [2023-07-29T16:39:10.652Z] Failed to find version of module node: reached end of search path /Users/maximeoger/dev/email-base/functions/node_modules
[info] ✔  functions: Using node@18 from host. 
[debug] [2023-07-29T16:39:10.653Z] Could not find functions.yaml. Must use http discovery
[debug] [2023-07-29T16:39:10.654Z] Found firebase-functions binary at '/Users/maximeoger/dev/email-base/functions/node_modules/.bin/firebase-functions'
[info] Serving at port 8286

[debug] [2023-07-29T16:39:10.869Z] Got response from /__/functions.yaml {"endpoints":{"createMail":{"platform":"gcfv1","availableMemoryMb":null,"timeoutSeconds":null,"minInstances":null,"maxInstances":null,"ingressSettings":null,"serviceAccountEmail":null,"vpc":null,"eventTrigger":{"eventType":"providers/cloud.firestore/eventTypes/document.create","eventFilters":{"resource":"projects/email-base-cb5de/databases/(default)/documents/Mails/{mailId}"},"retry":false},"labels":{},"entryPoint":"createMail"}},"specVersion":"v1alpha1","requiredAPIs":[]}
[info] shutdown requested via /__/quitquitquit

[info] ✔  functions: Loaded functions definitions from source: createMail. {"metadata":{"emulator":{"name":"functions"},"message":"Loaded functions definitions from source: createMail."}}
